TN:
SF:/Users/pauloes.dev/dev/pessoal/adventofcode/second/index.js
FN:5,(anonymous_0)
FN:14,(anonymous_1)
FNF:2
FNH:2
FNDA:330043,(anonymous_0)
FNDA:10005,(anonymous_1)
DA:1,1
DA:3,1
DA:5,1
DA:6,330043
DA:8,210025
DA:10,120018
DA:14,1
DA:15,10005
DA:16,10005
DA:17,10001
DA:18,10001
DA:21,10005
DA:22,340043
DA:24,330038
DA:26,330038
DA:30,1
DA:32,1
DA:33,100
DA:34,10000
DA:40,10000
DA:44,1
LF:21
LH:21
BRDA:6,0,0,210025
BRDA:6,0,1,120018
BRDA:14,1,0,4
BRDA:14,2,0,5
BRDA:14,3,0,5
BRDA:16,4,0,10001
BRDA:16,4,1,4
BRDA:22,5,0,10005
BRDA:22,5,1,330038
BRDA:40,6,0,1
BRDA:40,6,1,9999
BRF:11
BRH:11
end_of_record
